\BOOKMARK [0][-]{chapter.1}{\376\377\000A\000u\000s\000s\000t\000e\000h\000e\000n\000d\000e\000\040\000A\000u\000f\000g\000a\000b\000e\000n}{}% 1
\BOOKMARK [0][-]{chapter.2}{\376\377\000H\000i\000e\000r\000a\000r\000c\000h\000i\000e\000-\000V\000e\000r\000z\000e\000i\000c\000h\000n\000i\000s}{}% 2
\BOOKMARK [1][-]{section.2.1}{\376\377\000K\000l\000a\000s\000s\000e\000n\000h\000i\000e\000r\000a\000r\000c\000h\000i\000e}{chapter.2}% 3
\BOOKMARK [0][-]{chapter.3}{\376\377\000K\000l\000a\000s\000s\000e\000n\000-\000V\000e\000r\000z\000e\000i\000c\000h\000n\000i\000s}{}% 4
\BOOKMARK [1][-]{section.3.1}{\376\377\000A\000u\000f\000l\000i\000s\000t\000u\000n\000g\000\040\000d\000e\000r\000\040\000K\000l\000a\000s\000s\000e\000n}{chapter.3}% 5
\BOOKMARK [0][-]{chapter.4}{\376\377\000K\000l\000a\000s\000s\000e\000n\000-\000D\000o\000k\000u\000m\000e\000n\000t\000a\000t\000i\000o\000n}{}% 6
\BOOKMARK [1][-]{section.4.1}{\376\377\000A\000u\000d\000i\000o\000\040\000K\000l\000a\000s\000s\000e\000n\000r\000e\000f\000e\000r\000e\000n\000z}{chapter.4}% 7
\BOOKMARK [1][-]{section.4.2}{\376\377\000A\000u\000d\000i\000o\000C\000o\000n\000t\000r\000o\000l\000\040\000K\000l\000a\000s\000s\000e\000n\000r\000e\000f\000e\000r\000e\000n\000z}{chapter.4}% 8
\BOOKMARK [1][-]{section.4.3}{\376\377\000E\000n\000e\000m\000y\000\040\000K\000l\000a\000s\000s\000e\000n\000r\000e\000f\000e\000r\000e\000n\000z}{chapter.4}% 9
\BOOKMARK [1][-]{section.4.4}{\376\377\000e\000v\000e\000n\000t\000S\000t\000r\000u\000c\000t\000\040\000S\000t\000r\000u\000k\000t\000u\000r\000r\000e\000f\000e\000r\000e\000n\000z}{chapter.4}% 10
\BOOKMARK [2][-]{subsection.4.4.1}{\376\377\000A\000u\000s\000f\000\374\000h\000r\000l\000i\000c\000h\000e\000\040\000B\000e\000s\000c\000h\000r\000e\000i\000b\000u\000n\000g}{section.4.4}% 11
\BOOKMARK [1][-]{section.4.5}{\376\377\000G\000a\000m\000e\000\040\000K\000l\000a\000s\000s\000e\000n\000r\000e\000f\000e\000r\000e\000n\000z}{chapter.4}% 12
\BOOKMARK [1][-]{section.4.6}{\376\377\000G\000a\000m\000e\000O\000b\000j\000e\000c\000t\000\040\000K\000l\000a\000s\000s\000e\000n\000r\000e\000f\000e\000r\000e\000n\000z}{chapter.4}% 13
\BOOKMARK [1][-]{section.4.7}{\376\377\000I\000n\000p\000u\000t\000\040\000K\000l\000a\000s\000s\000e\000n\000r\000e\000f\000e\000r\000e\000n\000z}{chapter.4}% 14
\BOOKMARK [1][-]{section.4.8}{\376\377\000M\000o\000v\000i\000n\000g\000O\000b\000j\000e\000c\000t\000\040\000K\000l\000a\000s\000s\000e\000n\000r\000e\000f\000e\000r\000e\000n\000z}{chapter.4}% 15
\BOOKMARK [1][-]{section.4.9}{\376\377\000P\000l\000a\000y\000e\000r\000\040\000K\000l\000a\000s\000s\000e\000n\000r\000e\000f\000e\000r\000e\000n\000z}{chapter.4}% 16
\BOOKMARK [1][-]{section.4.10}{\376\377\000R\000e\000n\000d\000e\000r\000A\000t\000t\000a\000c\000k\000\040\000K\000l\000a\000s\000s\000e\000n\000r\000e\000f\000e\000r\000e\000n\000z}{chapter.4}% 17
\BOOKMARK [1][-]{section.4.11}{\376\377\000R\000e\000n\000d\000e\000r\000B\000a\000c\000k\000g\000r\000o\000u\000n\000d\000\040\000K\000l\000a\000s\000s\000e\000n\000r\000e\000f\000e\000r\000e\000n\000z}{chapter.4}% 18
\BOOKMARK [1][-]{section.4.12}{\376\377\000R\000e\000n\000d\000e\000r\000E\000n\000e\000m\000y\000\040\000K\000l\000a\000s\000s\000e\000n\000r\000e\000f\000e\000r\000e\000n\000z}{chapter.4}% 19
\BOOKMARK [1][-]{section.4.13}{\376\377\000R\000e\000n\000d\000e\000r\000G\000u\000i\000E\000l\000e\000m\000e\000n\000t\000\040\000K\000l\000a\000s\000s\000e\000n\000r\000e\000f\000e\000r\000e\000n\000z}{chapter.4}% 20
\BOOKMARK [1][-]{section.4.14}{\376\377\000R\000e\000n\000d\000e\000r\000O\000b\000s\000t\000a\000c\000l\000e\000\040\000K\000l\000a\000s\000s\000e\000n\000r\000e\000f\000e\000r\000e\000n\000z}{chapter.4}% 21
\BOOKMARK [1][-]{section.4.15}{\376\377\000R\000e\000n\000d\000e\000r\000P\000l\000a\000y\000e\000r\000\040\000K\000l\000a\000s\000s\000e\000n\000r\000e\000f\000e\000r\000e\000n\000z}{chapter.4}% 22
\BOOKMARK [1][-]{section.4.16}{\376\377\000s\000c\000o\000r\000e\000S\000t\000r\000u\000c\000t\000\040\000S\000t\000r\000u\000k\000t\000u\000r\000r\000e\000f\000e\000r\000e\000n\000z}{chapter.4}% 23
\BOOKMARK [2][-]{subsection.4.16.1}{\376\377\000A\000u\000s\000f\000\374\000h\000r\000l\000i\000c\000h\000e\000\040\000B\000e\000s\000c\000h\000r\000e\000i\000b\000u\000n\000g}{section.4.16}% 24
\BOOKMARK [1][-]{section.4.17}{\376\377\000S\000h\000o\000o\000t\000\040\000K\000l\000a\000s\000s\000e\000n\000r\000e\000f\000e\000r\000e\000n\000z}{chapter.4}% 25
\BOOKMARK [1][-]{section.4.18}{\376\377\000s\000t\000a\000t\000e\000S\000t\000r\000u\000c\000t\000\040\000S\000t\000r\000u\000k\000t\000u\000r\000r\000e\000f\000e\000r\000e\000n\000z}{chapter.4}% 26
\BOOKMARK [2][-]{subsection.4.18.1}{\376\377\000A\000u\000s\000f\000\374\000h\000r\000l\000i\000c\000h\000e\000\040\000B\000e\000s\000c\000h\000r\000e\000i\000b\000u\000n\000g}{section.4.18}% 27
